<?xml version="1.0" encoding="UTF-8"?>
<!-- Generated by org.testng.reporters.JUnitReportReporter -->
<testsuite hostname="DESKTOP-NIVK6IH" failures="0" tests="4" name="testPacke.importance" time="0.012" errors="0" timestamp="2022-06-01T14:07:26 IST" skipped="0">
  <testcase classname="testPacke.importance" name="testA" time="0.004"/>
  <system-out/>
  <testcase classname="testPacke.importance" name="testB" time="0.002"/>
  <system-out/>
  <testcase classname="testPacke.importance" name="testC" time="0.006"/>
  <system-out/>
  <testcase classname="testPacke.importance" name="testD" time="0.000"/>
  <system-out/>
</testsuite> <!-- testPacke.importance -->
