<?xml version="1.0" encoding="UTF-8"?>
<!-- Generated by org.testng.reporters.JUnitReportReporter -->
<testsuite hostname="DESKTOP-NIVK6IH" failures="0" tests="3" name="testPacke.importance1" time="0.046" errors="0" timestamp="2022-05-27T10:50:19 IST" skipped="0">
  <testcase classname="testPacke.importance1" name="testF" time="0.001"/>
  <system-out/>
  <testcase classname="testPacke.importance1" name="testE" time="0.025"/>
  <system-out/>
  <testcase classname="testPacke.importance1" name="testG" time="0.020"/>
  <system-out/>
</testsuite> <!-- testPacke.importance1 -->
