<?xml version="1.0" encoding="UTF-8"?>
<!-- Generated by org.testng.reporters.JUnitReportReporter -->
<testsuite hostname="DESKTOP-NIVK6IH" failures="0" tests="1" name="testPacke.testClass5678" time="0.008" errors="0" timestamp="2022-05-20T23:40:13 IST" skipped="0">
  <testcase classname="testPacke.testClass5678" name="test" time="0.008"/>
  <system-out/>
</testsuite> <!-- testPacke.testClass5678 -->
